<?xml version="1.0" encoding="UTF-8"?>
<testng-results ignored="0" total="2" passed="2" failed="0" skipped="0">
  <reporter-output>
  </reporter-output>
  <suite started-at="2021-09-10T14:22:59 EDT" name="Default suite" finished-at="2021-09-10T14:22:59 EDT" duration-ms="533">
    <groups>
    </groups>
    <test started-at="2021-09-10T14:22:59 EDT" name="Default test" finished-at="2021-09-10T14:22:59 EDT" duration-ms="533">
      <class name="LoginPageTest">
        <test-method is-config="true" signature="beforeMethod()[pri:0, instance:LoginPageTest@2e222612]" started-at="2021-09-10T14:22:59 EDT" name="beforeMethod" finished-at="2021-09-10T14:22:59 EDT" duration-ms="440" status="PASS">
          <reporter-output>
          </reporter-output>
        </test-method> <!-- beforeMethod -->
        <test-method signature="deleteOperation()[pri:1, instance:LoginPageTest@2e222612]" started-at="2021-09-10T14:22:59 EDT" name="deleteOperation" finished-at="2021-09-10T14:22:59 EDT" duration-ms="12" status="PASS">
          <reporter-output>
          </reporter-output>
        </test-method> <!-- deleteOperation -->
        <test-method is-config="true" signature="afterMethod()[pri:0, instance:LoginPageTest@2e222612]" started-at="2021-09-10T14:22:59 EDT" name="afterMethod" finished-at="2021-09-10T14:22:59 EDT" duration-ms="3" status="PASS">
          <reporter-output>
          </reporter-output>
        </test-method> <!-- afterMethod -->
        <test-method is-config="true" signature="beforeMethod()[pri:0, instance:LoginPageTest@2e222612]" started-at="2021-09-10T14:22:59 EDT" name="beforeMethod" finished-at="2021-09-10T14:22:59 EDT" duration-ms="15" status="PASS">
          <reporter-output>
          </reporter-output>
        </test-method> <!-- beforeMethod -->
        <test-method signature="CreateOperationTest()[pri:2, instance:LoginPageTest@2e222612]" started-at="2021-09-10T14:22:59 EDT" name="CreateOperationTest" finished-at="2021-09-10T14:22:59 EDT" duration-ms="3" status="PASS">
          <reporter-output>
          </reporter-output>
        </test-method> <!-- CreateOperationTest -->
        <test-method is-config="true" signature="afterMethod()[pri:0, instance:LoginPageTest@2e222612]" started-at="2021-09-10T14:22:59 EDT" name="afterMethod" finished-at="2021-09-10T14:22:59 EDT" duration-ms="2" status="PASS">
          <reporter-output>
          </reporter-output>
        </test-method> <!-- afterMethod -->
      </class> <!-- LoginPageTest -->
    </test> <!-- Default test -->
  </suite> <!-- Default suite -->
</testng-results>
